<?xml version="1.0" encoding="UTF-8"?>
<Site BuildName="Linux-c++"
	BuildStamp="20220630-0245-Experimental"
	Name="xx-virtual-machine"
	Generator="ctest-3.10.2"
	CompilerName="/usr/bin/c++"
	CompilerVersion="7.5.0"
	OSName="Linux"
	Hostname="xx-virtual-machine"
	OSRelease="5.4.0-120-generic"
	OSVersion="#136~18.04.1-Ubuntu SMP Fri Jun 10 18:00:44 UTC 2022"
	OSPlatform="x86_64"
	Is64Bits="1"
	VendorString="GenuineIntel"
	VendorID="Intel Corporation"
	FamilyID="6"
	ModelID="141"
	ProcessorCacheSize="24576"
	NumberOfLogicalCPU="2"
	NumberOfPhysicalCPU="2"
	TotalVirtualMemory="1897"
	TotalPhysicalMemory="3901"
	LogicalProcessorsPerPhysical="1"
	ProcessorClockFrequency="2304"
	>
	<Testing>
		<StartDateTime>Jun 30 10:45 CST</StartDateTime>
		<StartTestTime>1656557154</StartTestTime>
		<TestList/>
		<EndDateTime>Jun 30 10:45 CST</EndDateTime>
		<EndTestTime>1656557154</EndTestTime>
		<ElapsedMinutes>0</ElapsedMinutes>
	</Testing>
</Site>
